11:44:20.291 INFO [GridLauncherV3.parse] - Selenium server version: 3.141.59, revision: e82be7d358
11:44:20.337 INFO [GridLauncherV3.lambda$buildLaunchers$3] - Launching a standalone Selenium Server on port 4445
2019-03-23 11:44:20.374:INFO::main: Logging initialized @297ms to org.seleniumhq.jetty9.util.log.StdErrLog
11:44:20.569 INFO [WebDriverServlet.<init>] - Initialising WebDriverServlet
11:44:20.698 INFO [SeleniumServer.boot] - Selenium Server is up and running on port 4445
11:44:20.997 INFO [ActiveSessionFactory.apply] - Capabilities are: {
  "acceptSslCerts": true,
  "browserName": "chrome",
  "name": "Cat"
}
11:44:20.998 INFO [ActiveSessionFactory.lambda$apply$11] - Matched factory org.openqa.selenium.grid.session.remote.ServicedSession$Factory (provider: org.openqa.selenium.chrome.ChromeDriverService)
Starting ChromeDriver 2.45.615291 (ec3682e3c9061c10f26ea9e5cdcf3c53f3f74387) on port 21373
Only local connections are allowed.
11:44:23.275 INFO [ProtocolHandshake.createSession] - Detected dialect: OSS
11:44:23.459 INFO [RemoteSession$Factory.lambda$performHandshake$0] - Started new session f469d1a1d889977ffdea250aad31da65 (org.openqa.selenium.chrome.ChromeDriverService)
11:44:45.830 INFO [ActiveSessions$1.onStop] - Removing session f469d1a1d889977ffdea250aad31da65 (org.openqa.selenium.chrome.ChromeDriverService)
11:44:45.847 INFO [ActiveSessionFactory.apply] - Capabilities are: {
  "acceptSslCerts": true,
  "browserName": "chrome",
  "name": "Filter"
}
11:44:45.848 INFO [ActiveSessionFactory.lambda$apply$11] - Matched factory org.openqa.selenium.grid.session.remote.ServicedSession$Factory (provider: org.openqa.selenium.chrome.ChromeDriverService)
Starting ChromeDriver 2.45.615291 (ec3682e3c9061c10f26ea9e5cdcf3c53f3f74387) on port 40757
Only local connections are allowed.
11:44:47.947 INFO [ProtocolHandshake.createSession] - Detected dialect: OSS
11:44:47.978 INFO [RemoteSession$Factory.lambda$performHandshake$0] - Started new session 14b1321482999fb4b58f7aa7c961025b (org.openqa.selenium.chrome.ChromeDriverService)
11:44:55.278 INFO [ActiveSessions$1.onStop] - Removing session 14b1321482999fb4b58f7aa7c961025b (org.openqa.selenium.chrome.ChromeDriverService)
11:44:55.299 INFO [ActiveSessionFactory.apply] - Capabilities are: {
  "acceptSslCerts": true,
  "browserName": "chrome",
  "name": "Search"
}
11:44:55.299 INFO [ActiveSessionFactory.lambda$apply$11] - Matched factory org.openqa.selenium.grid.session.remote.ServicedSession$Factory (provider: org.openqa.selenium.chrome.ChromeDriverService)
Starting ChromeDriver 2.45.615291 (ec3682e3c9061c10f26ea9e5cdcf3c53f3f74387) on port 12416
Only local connections are allowed.
11:44:57.432 INFO [ProtocolHandshake.createSession] - Detected dialect: OSS
11:44:57.448 INFO [RemoteSession$Factory.lambda$performHandshake$0] - Started new session ddf86c5f04d01d2bc3fbd9d03c17d24f (org.openqa.selenium.chrome.ChromeDriverService)
11:45:04.489 INFO [ActiveSessions$1.onStop] - Removing session ddf86c5f04d01d2bc3fbd9d03c17d24f (org.openqa.selenium.chrome.ChromeDriverService)
