19:43:02.042 INFO [GridLauncherV3.parse] - Selenium server version: 3.141.59, revision: e82be7d358
19:43:02.113 INFO [GridLauncherV3.lambda$buildLaunchers$3] - Launching a standalone Selenium Server on port 4445
2019-02-26 19:43:02.156:INFO::main: Logging initialized @367ms to org.seleniumhq.jetty9.util.log.StdErrLog
19:43:02.374 INFO [WebDriverServlet.<init>] - Initialising WebDriverServlet
19:43:02.541 INFO [SeleniumServer.boot] - Selenium Server is up and running on port 4445
19:43:02.721 INFO [ActiveSessionFactory.apply] - Capabilities are: {
  "acceptSslCerts": true,
  "browserName": "chrome",
  "name": "Cancel"
}
19:43:02.724 INFO [ActiveSessionFactory.lambda$apply$11] - Matched factory org.openqa.selenium.grid.session.remote.ServicedSession$Factory (provider: org.openqa.selenium.chrome.ChromeDriverService)
Starting ChromeDriver 2.45.615291 (ec3682e3c9061c10f26ea9e5cdcf3c53f3f74387) on port 9726
Only local connections are allowed.
19:43:04.975 INFO [ProtocolHandshake.createSession] - Detected dialect: OSS
19:43:05.177 INFO [RemoteSession$Factory.lambda$performHandshake$0] - Started new session 9b0ca6187ad47a7635eae2c0dd019cf4 (org.openqa.selenium.chrome.ChromeDriverService)
19:43:08.333 INFO [ActiveSessions$1.onStop] - Removing session 9b0ca6187ad47a7635eae2c0dd019cf4 (org.openqa.selenium.chrome.ChromeDriverService)
19:43:08.360 INFO [ActiveSessionFactory.apply] - Capabilities are: {
  "acceptSslCerts": true,
  "browserName": "chrome",
  "name": "Tests"
}
19:43:08.361 INFO [ActiveSessionFactory.lambda$apply$11] - Matched factory org.openqa.selenium.grid.session.remote.ServicedSession$Factory (provider: org.openqa.selenium.chrome.ChromeDriverService)
Starting ChromeDriver 2.45.615291 (ec3682e3c9061c10f26ea9e5cdcf3c53f3f74387) on port 24359
Only local connections are allowed.
19:43:10.496 INFO [ProtocolHandshake.createSession] - Detected dialect: OSS
19:43:10.522 INFO [RemoteSession$Factory.lambda$performHandshake$0] - Started new session df47fe0477be39f8e87cf6bf5a55086d (org.openqa.selenium.chrome.ChromeDriverService)
19:43:17.002 INFO [ActiveSessions$1.onStop] - Removing session df47fe0477be39f8e87cf6bf5a55086d (org.openqa.selenium.chrome.ChromeDriverService)
19:43:17.022 INFO [ActiveSessionFactory.apply] - Capabilities are: {
  "acceptSslCerts": true,
  "browserName": "chrome",
  "name": "Validentries"
}
19:43:17.022 INFO [ActiveSessionFactory.lambda$apply$11] - Matched factory org.openqa.selenium.grid.session.remote.ServicedSession$Factory (provider: org.openqa.selenium.chrome.ChromeDriverService)
Starting ChromeDriver 2.45.615291 (ec3682e3c9061c10f26ea9e5cdcf3c53f3f74387) on port 24918
Only local connections are allowed.
19:43:19.079 INFO [ProtocolHandshake.createSession] - Detected dialect: OSS
19:43:19.098 INFO [RemoteSession$Factory.lambda$performHandshake$0] - Started new session 08bb5007d367c89d748955d30d2e3282 (org.openqa.selenium.chrome.ChromeDriverService)
19:43:22.341 INFO [ActiveSessions$1.onStop] - Removing session 08bb5007d367c89d748955d30d2e3282 (org.openqa.selenium.chrome.ChromeDriverService)
